mode: set
github.com/wsaefulloh/go-solid-principle/main.go:10.13,12.16 2 0
github.com/wsaefulloh/go-solid-principle/main.go:12.16,14.3 1 0
github.com/wsaefulloh/go-solid-principle/sample.go:3.32,5.2 1 1
github.com/wsaefulloh/go-solid-principle/controllers/auth.go:22.46,24.2 1 0
github.com/wsaefulloh/go-solid-principle/controllers/auth.go:26.62,33.16 6 0
github.com/wsaefulloh/go-solid-principle/controllers/auth.go:37.2,39.16 2 0
github.com/wsaefulloh/go-solid-principle/controllers/auth.go:45.2,47.16 2 0
github.com/wsaefulloh/go-solid-principle/controllers/auth.go:52.2,52.49 1 0
github.com/wsaefulloh/go-solid-principle/controllers/auth.go:57.2,59.16 2 0
github.com/wsaefulloh/go-solid-principle/controllers/auth.go:64.2,64.25 1 0
github.com/wsaefulloh/go-solid-principle/controllers/auth.go:69.2,71.16 2 0
github.com/wsaefulloh/go-solid-principle/controllers/auth.go:76.2,80.16 4 0
github.com/wsaefulloh/go-solid-principle/controllers/auth.go:85.2,85.61 1 0
github.com/wsaefulloh/go-solid-principle/controllers/auth.go:33.16,36.3 2 0
github.com/wsaefulloh/go-solid-principle/controllers/auth.go:39.16,43.3 3 0
github.com/wsaefulloh/go-solid-principle/controllers/auth.go:47.16,50.3 2 0
github.com/wsaefulloh/go-solid-principle/controllers/auth.go:52.49,55.3 2 0
github.com/wsaefulloh/go-solid-principle/controllers/auth.go:59.16,62.3 2 0
github.com/wsaefulloh/go-solid-principle/controllers/auth.go:64.25,67.3 2 0
github.com/wsaefulloh/go-solid-principle/controllers/auth.go:71.16,74.3 2 0
github.com/wsaefulloh/go-solid-principle/controllers/auth.go:80.16,83.3 2 0
github.com/wsaefulloh/go-solid-principle/controllers/auth.go:88.66,94.24 5 0
github.com/wsaefulloh/go-solid-principle/controllers/auth.go:99.2,99.39 1 0
github.com/wsaefulloh/go-solid-principle/controllers/auth.go:94.24,97.3 2 0
github.com/wsaefulloh/go-solid-principle/controllers/categories.go:18.63,20.2 1 0
github.com/wsaefulloh/go-solid-principle/controllers/categories.go:22.72,27.16 4 0
github.com/wsaefulloh/go-solid-principle/controllers/categories.go:34.2,34.14 1 0
github.com/wsaefulloh/go-solid-principle/controllers/categories.go:27.16,31.3 2 0
github.com/wsaefulloh/go-solid-principle/controllers/categories.go:37.69,43.16 5 0
github.com/wsaefulloh/go-solid-principle/controllers/categories.go:49.2,54.16 4 0
github.com/wsaefulloh/go-solid-principle/controllers/categories.go:61.2,61.16 1 0
github.com/wsaefulloh/go-solid-principle/controllers/categories.go:43.16,47.3 2 0
github.com/wsaefulloh/go-solid-principle/controllers/categories.go:54.16,58.3 2 0
github.com/wsaefulloh/go-solid-principle/controllers/categories.go:64.72,70.16 5 0
github.com/wsaefulloh/go-solid-principle/controllers/categories.go:77.2,77.14 1 0
github.com/wsaefulloh/go-solid-principle/controllers/categories.go:70.16,74.3 2 0
github.com/wsaefulloh/go-solid-principle/controllers/categories.go:80.72,86.16 5 0
github.com/wsaefulloh/go-solid-principle/controllers/categories.go:92.2,99.16 5 0
github.com/wsaefulloh/go-solid-principle/controllers/categories.go:106.2,106.16 1 0
github.com/wsaefulloh/go-solid-principle/controllers/categories.go:86.16,90.3 2 0
github.com/wsaefulloh/go-solid-principle/controllers/categories.go:99.16,103.3 2 0
github.com/wsaefulloh/go-solid-principle/controllers/histories.go:18.60,20.2 1 0
github.com/wsaefulloh/go-solid-principle/controllers/histories.go:22.72,27.16 4 0
github.com/wsaefulloh/go-solid-principle/controllers/histories.go:34.2,34.14 1 0
github.com/wsaefulloh/go-solid-principle/controllers/histories.go:27.16,31.3 2 0
github.com/wsaefulloh/go-solid-principle/controllers/histories.go:37.69,43.16 5 0
github.com/wsaefulloh/go-solid-principle/controllers/histories.go:49.2,58.16 8 0
github.com/wsaefulloh/go-solid-principle/controllers/histories.go:65.2,65.16 1 0
github.com/wsaefulloh/go-solid-principle/controllers/histories.go:43.16,47.3 2 0
github.com/wsaefulloh/go-solid-principle/controllers/histories.go:58.16,62.3 2 0
github.com/wsaefulloh/go-solid-principle/controllers/histories.go:68.72,74.16 5 0
github.com/wsaefulloh/go-solid-principle/controllers/histories.go:81.2,81.14 1 0
github.com/wsaefulloh/go-solid-principle/controllers/histories.go:74.16,78.3 2 0
github.com/wsaefulloh/go-solid-principle/controllers/histories.go:84.72,90.16 5 0
github.com/wsaefulloh/go-solid-principle/controllers/histories.go:96.2,107.16 9 0
github.com/wsaefulloh/go-solid-principle/controllers/histories.go:114.2,114.16 1 0
github.com/wsaefulloh/go-solid-principle/controllers/histories.go:90.16,94.3 2 0
github.com/wsaefulloh/go-solid-principle/controllers/histories.go:107.16,111.3 2 0
github.com/wsaefulloh/go-solid-principle/controllers/products.go:22.59,24.2 1 1
github.com/wsaefulloh/go-solid-principle/controllers/products.go:26.69,31.16 4 1
github.com/wsaefulloh/go-solid-principle/controllers/products.go:38.2,41.21 3 1
github.com/wsaefulloh/go-solid-principle/controllers/products.go:46.2,50.14 2 1
github.com/wsaefulloh/go-solid-principle/controllers/products.go:31.16,36.3 3 0
github.com/wsaefulloh/go-solid-principle/controllers/products.go:41.21,44.3 2 0
github.com/wsaefulloh/go-solid-principle/controllers/products.go:53.66,60.16 5 1
github.com/wsaefulloh/go-solid-principle/controllers/products.go:66.2,73.16 6 1
github.com/wsaefulloh/go-solid-principle/controllers/products.go:80.2,80.16 1 1
github.com/wsaefulloh/go-solid-principle/controllers/products.go:60.16,64.3 2 0
github.com/wsaefulloh/go-solid-principle/controllers/products.go:73.16,77.3 2 0
github.com/wsaefulloh/go-solid-principle/controllers/products.go:83.69,89.16 5 1
github.com/wsaefulloh/go-solid-principle/controllers/products.go:96.2,96.14 1 1
github.com/wsaefulloh/go-solid-principle/controllers/products.go:89.16,93.3 2 0
github.com/wsaefulloh/go-solid-principle/controllers/products.go:99.69,104.16 4 1
github.com/wsaefulloh/go-solid-principle/controllers/products.go:110.2,118.16 7 1
github.com/wsaefulloh/go-solid-principle/controllers/products.go:125.2,125.16 1 1
github.com/wsaefulloh/go-solid-principle/controllers/products.go:104.16,108.3 2 0
github.com/wsaefulloh/go-solid-principle/controllers/products.go:118.16,122.3 2 0
github.com/wsaefulloh/go-solid-principle/controllers/products.go:128.75,135.16 6 0
github.com/wsaefulloh/go-solid-principle/controllers/products.go:143.2,143.14 1 0
github.com/wsaefulloh/go-solid-principle/controllers/products.go:135.16,139.3 2 0
github.com/wsaefulloh/go-solid-principle/controllers/products.go:146.79,153.16 6 0
github.com/wsaefulloh/go-solid-principle/controllers/products.go:161.2,161.14 1 0
github.com/wsaefulloh/go-solid-principle/controllers/products.go:153.16,157.3 2 0
github.com/wsaefulloh/go-solid-principle/controllers/products.go:164.76,169.16 4 0
github.com/wsaefulloh/go-solid-principle/controllers/products.go:175.2,175.14 1 0
github.com/wsaefulloh/go-solid-principle/controllers/products.go:169.16,173.3 2 0
github.com/wsaefulloh/go-solid-principle/controllers/products.go:178.75,183.16 4 0
github.com/wsaefulloh/go-solid-principle/controllers/products.go:190.2,190.14 1 0
github.com/wsaefulloh/go-solid-principle/controllers/products.go:183.16,187.3 2 0
github.com/wsaefulloh/go-solid-principle/controllers/products.go:193.76,198.16 4 0
github.com/wsaefulloh/go-solid-principle/controllers/products.go:205.2,205.14 1 0
github.com/wsaefulloh/go-solid-principle/controllers/products.go:198.16,202.3 2 0
github.com/wsaefulloh/go-solid-principle/controllers/products.go:208.77,213.16 4 0
github.com/wsaefulloh/go-solid-principle/controllers/products.go:220.2,220.14 1 0
github.com/wsaefulloh/go-solid-principle/controllers/products.go:213.16,217.3 2 0
github.com/wsaefulloh/go-solid-principle/controllers/products.go:223.76,228.16 4 0
github.com/wsaefulloh/go-solid-principle/controllers/products.go:235.2,235.14 1 0
github.com/wsaefulloh/go-solid-principle/controllers/products.go:228.16,232.3 2 0
github.com/wsaefulloh/go-solid-principle/controllers/users.go:17.46,19.2 1 0
github.com/wsaefulloh/go-solid-principle/controllers/users.go:21.65,27.16 4 0
github.com/wsaefulloh/go-solid-principle/controllers/users.go:32.2,32.14 1 0
github.com/wsaefulloh/go-solid-principle/controllers/users.go:27.16,30.3 2 0
github.com/wsaefulloh/go-solid-principle/controllers/users.go:35.62,42.16 6 0
github.com/wsaefulloh/go-solid-principle/controllers/users.go:48.2,50.16 2 0
github.com/wsaefulloh/go-solid-principle/controllers/users.go:56.2,58.16 2 0
github.com/wsaefulloh/go-solid-principle/controllers/users.go:63.2,63.28 1 0
github.com/wsaefulloh/go-solid-principle/controllers/users.go:68.2,74.20 7 0
github.com/wsaefulloh/go-solid-principle/controllers/users.go:79.2,83.16 3 0
github.com/wsaefulloh/go-solid-principle/controllers/users.go:88.2,88.16 1 0
github.com/wsaefulloh/go-solid-principle/controllers/users.go:42.16,46.3 2 0
github.com/wsaefulloh/go-solid-principle/controllers/users.go:50.16,54.3 3 0
github.com/wsaefulloh/go-solid-principle/controllers/users.go:58.16,61.3 2 0
github.com/wsaefulloh/go-solid-principle/controllers/users.go:63.28,66.3 2 0
github.com/wsaefulloh/go-solid-principle/controllers/users.go:74.20,78.3 2 0
github.com/wsaefulloh/go-solid-principle/controllers/users.go:83.16,86.3 2 0
github.com/wsaefulloh/go-solid-principle/services/product_mock.go:17.68,20.17 2 0
github.com/wsaefulloh/go-solid-principle/services/product_mock.go:24.2,25.19 2 0
github.com/wsaefulloh/go-solid-principle/services/product_mock.go:20.17,23.3 2 0
github.com/wsaefulloh/go-solid-principle/services/product_mock.go:28.88,38.17 3 0
github.com/wsaefulloh/go-solid-principle/services/product_mock.go:42.2,43.19 2 0
github.com/wsaefulloh/go-solid-principle/services/product_mock.go:38.17,41.3 2 0
github.com/wsaefulloh/go-solid-principle/services/product_mock.go:46.76,49.17 2 0
github.com/wsaefulloh/go-solid-principle/services/product_mock.go:53.2,54.19 2 0
github.com/wsaefulloh/go-solid-principle/services/product_mock.go:49.17,52.3 2 0
github.com/wsaefulloh/go-solid-principle/services/product_mock.go:57.102,66.17 3 0
github.com/wsaefulloh/go-solid-principle/services/product_mock.go:70.2,71.19 2 0
github.com/wsaefulloh/go-solid-principle/services/product_mock.go:66.17,69.3 2 0
github.com/wsaefulloh/go-solid-principle/services/product_mock.go:74.84,77.17 2 0
github.com/wsaefulloh/go-solid-principle/services/product_mock.go:81.2,82.19 2 0
github.com/wsaefulloh/go-solid-principle/services/product_mock.go:77.17,80.3 2 0
github.com/wsaefulloh/go-solid-principle/services/product_mock.go:85.92,88.17 2 0
github.com/wsaefulloh/go-solid-principle/services/product_mock.go:92.2,93.19 2 0
github.com/wsaefulloh/go-solid-principle/services/product_mock.go:88.17,91.3 2 0
github.com/wsaefulloh/go-solid-principle/services/product_mock.go:96.75,99.17 2 0
github.com/wsaefulloh/go-solid-principle/services/product_mock.go:103.2,104.19 2 0
github.com/wsaefulloh/go-solid-principle/services/product_mock.go:99.17,102.3 2 0
github.com/wsaefulloh/go-solid-principle/services/product_mock.go:107.74,110.17 2 0
github.com/wsaefulloh/go-solid-principle/services/product_mock.go:114.2,115.19 2 0
github.com/wsaefulloh/go-solid-principle/services/product_mock.go:110.17,113.3 2 0
github.com/wsaefulloh/go-solid-principle/services/product_mock.go:118.75,121.17 2 0
github.com/wsaefulloh/go-solid-principle/services/product_mock.go:125.2,126.19 2 0
github.com/wsaefulloh/go-solid-principle/services/product_mock.go:121.17,124.3 2 0
github.com/wsaefulloh/go-solid-principle/services/product_mock.go:129.75,132.17 2 0
github.com/wsaefulloh/go-solid-principle/services/product_mock.go:136.2,137.19 2 0
github.com/wsaefulloh/go-solid-principle/services/product_mock.go:132.17,135.3 2 0
github.com/wsaefulloh/go-solid-principle/services/product_mock.go:140.76,143.17 2 0
github.com/wsaefulloh/go-solid-principle/services/product_mock.go:147.2,148.19 2 0
github.com/wsaefulloh/go-solid-principle/services/product_mock.go:143.17,146.3 2 0
github.com/wsaefulloh/go-solid-principle/services/products.go:15.68,17.2 1 0
github.com/wsaefulloh/go-solid-principle/services/products.go:19.65,21.16 2 1
github.com/wsaefulloh/go-solid-principle/services/products.go:25.2,31.21 2 1
github.com/wsaefulloh/go-solid-principle/services/products.go:21.16,24.3 2 0
github.com/wsaefulloh/go-solid-principle/services/products.go:34.85,37.18 2 1
github.com/wsaefulloh/go-solid-principle/services/products.go:41.2,47.21 2 1
github.com/wsaefulloh/go-solid-principle/services/products.go:37.18,39.3 1 0
github.com/wsaefulloh/go-solid-principle/services/products.go:50.99,53.18 2 1
github.com/wsaefulloh/go-solid-principle/services/products.go:57.2,63.21 2 1
github.com/wsaefulloh/go-solid-principle/services/products.go:53.18,55.3 1 0
github.com/wsaefulloh/go-solid-principle/services/products.go:66.73,69.18 2 1
github.com/wsaefulloh/go-solid-principle/services/products.go:73.2,79.21 2 1
github.com/wsaefulloh/go-solid-principle/services/products.go:69.18,71.3 1 0
github.com/wsaefulloh/go-solid-principle/services/products.go:82.81,84.16 2 0
github.com/wsaefulloh/go-solid-principle/services/products.go:87.2,93.21 2 0
github.com/wsaefulloh/go-solid-principle/services/products.go:84.16,86.3 1 0
github.com/wsaefulloh/go-solid-principle/services/products.go:96.89,98.16 2 0
github.com/wsaefulloh/go-solid-principle/services/products.go:101.2,107.21 2 0
github.com/wsaefulloh/go-solid-principle/services/products.go:98.16,100.3 1 0
github.com/wsaefulloh/go-solid-principle/services/products.go:110.72,112.16 2 0
github.com/wsaefulloh/go-solid-principle/services/products.go:115.2,121.21 2 0
github.com/wsaefulloh/go-solid-principle/services/products.go:112.16,114.3 1 0
github.com/wsaefulloh/go-solid-principle/services/products.go:124.71,126.16 2 0
github.com/wsaefulloh/go-solid-principle/services/products.go:129.2,135.21 2 0
github.com/wsaefulloh/go-solid-principle/services/products.go:126.16,128.3 1 0
github.com/wsaefulloh/go-solid-principle/services/products.go:138.72,140.16 2 0
github.com/wsaefulloh/go-solid-principle/services/products.go:143.2,149.21 2 0
github.com/wsaefulloh/go-solid-principle/services/products.go:140.16,142.3 1 0
github.com/wsaefulloh/go-solid-principle/services/products.go:152.72,154.16 2 0
github.com/wsaefulloh/go-solid-principle/services/products.go:157.2,163.21 2 0
github.com/wsaefulloh/go-solid-principle/services/products.go:154.16,156.3 1 0
github.com/wsaefulloh/go-solid-principle/services/products.go:166.73,168.16 2 0
github.com/wsaefulloh/go-solid-principle/services/products.go:171.2,177.21 2 0
github.com/wsaefulloh/go-solid-principle/services/products.go:168.16,170.3 1 0
github.com/wsaefulloh/go-solid-principle/services/users.go:13.59,15.2 1 0
github.com/wsaefulloh/go-solid-principle/services/users.go:17.62,19.16 2 1
github.com/wsaefulloh/go-solid-principle/services/users.go:22.2,28.21 2 1
github.com/wsaefulloh/go-solid-principle/services/users.go:19.16,21.3 1 0
github.com/wsaefulloh/go-solid-principle/services/users.go:31.79,34.18 2 1
github.com/wsaefulloh/go-solid-principle/services/users.go:38.2,44.21 2 1
github.com/wsaefulloh/go-solid-principle/services/users.go:34.18,36.3 1 0
github.com/wsaefulloh/go-solid-principle/services/users.go:47.66,49.16 2 1
github.com/wsaefulloh/go-solid-principle/services/users.go:52.2,52.18 1 1
github.com/wsaefulloh/go-solid-principle/services/users.go:49.16,51.3 1 0
github.com/wsaefulloh/go-solid-principle/services/users.go:55.67,57.16 2 1
github.com/wsaefulloh/go-solid-principle/services/users.go:60.2,60.18 1 1
github.com/wsaefulloh/go-solid-principle/services/users.go:57.16,59.3 1 0
github.com/wsaefulloh/go-solid-principle/services/users.go:63.70,65.16 2 1
github.com/wsaefulloh/go-solid-principle/services/users.go:68.2,68.18 1 1
github.com/wsaefulloh/go-solid-principle/services/users.go:65.16,67.3 1 0
github.com/wsaefulloh/go-solid-principle/services/users.go:71.66,73.16 2 1
github.com/wsaefulloh/go-solid-principle/services/users.go:76.2,76.18 1 1
github.com/wsaefulloh/go-solid-principle/services/users.go:73.16,75.3 1 0
github.com/wsaefulloh/go-solid-principle/services/categories.go:13.71,15.2 1 0
github.com/wsaefulloh/go-solid-principle/services/categories.go:17.66,19.16 2 1
github.com/wsaefulloh/go-solid-principle/services/categories.go:22.2,28.21 2 1
github.com/wsaefulloh/go-solid-principle/services/categories.go:19.16,21.3 1 0
github.com/wsaefulloh/go-solid-principle/services/categories.go:31.87,34.18 2 1
github.com/wsaefulloh/go-solid-principle/services/categories.go:38.2,44.21 2 1
github.com/wsaefulloh/go-solid-principle/services/categories.go:34.18,36.3 1 0
github.com/wsaefulloh/go-solid-principle/services/categories.go:47.101,50.18 2 1
github.com/wsaefulloh/go-solid-principle/services/categories.go:54.2,60.21 2 1
github.com/wsaefulloh/go-solid-principle/services/categories.go:50.18,52.3 1 0
github.com/wsaefulloh/go-solid-principle/services/categories.go:63.74,66.18 2 1
github.com/wsaefulloh/go-solid-principle/services/categories.go:70.2,76.21 2 1
github.com/wsaefulloh/go-solid-principle/services/categories.go:66.18,68.3 1 0
github.com/wsaefulloh/go-solid-principle/services/histories.go:13.68,15.2 1 0
github.com/wsaefulloh/go-solid-principle/services/histories.go:17.65,19.16 2 1
github.com/wsaefulloh/go-solid-principle/services/histories.go:22.2,28.21 2 1
github.com/wsaefulloh/go-solid-principle/services/histories.go:19.16,21.3 1 0
github.com/wsaefulloh/go-solid-principle/services/histories.go:31.86,34.18 2 1
github.com/wsaefulloh/go-solid-principle/services/histories.go:38.2,44.21 2 1
github.com/wsaefulloh/go-solid-principle/services/histories.go:34.18,36.3 1 0
github.com/wsaefulloh/go-solid-principle/services/histories.go:47.100,50.18 2 1
github.com/wsaefulloh/go-solid-principle/services/histories.go:54.2,60.21 2 1
github.com/wsaefulloh/go-solid-principle/services/histories.go:50.18,52.3 1 0
github.com/wsaefulloh/go-solid-principle/services/histories.go:63.73,66.18 2 1
github.com/wsaefulloh/go-solid-principle/services/histories.go:70.2,76.21 2 1
github.com/wsaefulloh/go-solid-principle/services/histories.go:66.18,68.3 1 0
